<?xml version="1.0" encoding="UTF-8"?>
<!-- Generated by org.testng.reporters.JUnitReportReporter -->
<testsuite hostname="Personal-PC" failures="0" tests="6" name="urbantest.urban" time="24.789" errors="0" timestamp="2025-04-05T21:35:23 IST" skipped="0">
  <testcase classname="urbantest.urban" name="homepage" time="1.847"/>
  <testcase classname="urbantest.urban" name="Search" time="7.732"/>
  <testcase classname="urbantest.urban" name="naviagteProduct" time="8.135"/>
  <testcase classname="urbantest.urban" name="productname" time="0.780"/>
  <testcase classname="urbantest.urban" name="price" time="0.069"/>
  <testcase classname="urbantest.urban" name="addingproduct" time="6.226"/>
</testsuite> <!-- urbantest.urban -->
